<?xml version="1.0" encoding="UTF-8"?>
<!-- Generated by org.testng.reporters.JUnitXMLReporter -->
<testsuite ignored="0" hostname="DESKTOP-BRIEH39" failures="4" tests="4" name="CalculatorTests" time="30.293" errors="0" timestamp="2026-07-16T22:11:46 IST">
  <testcase classname="tests.CalculatorTest" name="testAddition" time="5.017">
    <failure type="org.openqa.selenium.StaleElementReferenceException" message="androidx.test.uiautomator.StaleObjectException
For documentation on this error, please visit: https://www.selenium.dev/documentation/webdriver/troubleshooting/errors#staleelementreferenceexception
Build info: version: &amp;apos;4.46.0&amp;apos;, revision: &amp;apos;df5a634 df5a6341cbb5f8f06b836bd595752775627c80dc&amp;apos;
System info: os.name: &amp;apos;Windows 10&amp;apos;, os.arch: &amp;apos;amd64&amp;apos;, os.version: &amp;apos;10.0&amp;apos;, java.version: &amp;apos;17.0.19&amp;apos;
Driver info: io.appium.java_client.android.AndroidDriver
Command: [e90cbea5-b232-4ef3-813e-0104bbe26710, getElementText {id=00000000-0000-0085-ffff-ffff00000072}]
Capabilities {appium:appActivity: apps.r.calculator.Theme.Lig..., appium:appPackage: apps.r.calculator, appium:automationName: UIAutomator2, appium:databaseEnabled: false, appium:desired: {appActivity: apps.r.calculator.Theme.Lig..., appPackage: apps.r.calculator, automationName: UIAutomator2, deviceName: Pixel_10, noReset: true, platformName: ANDROID}, appium:deviceApiLevel: 37, appium:deviceManufacturer: Google, appium:deviceModel: sdk_gphone16k_x86_64, appium:deviceName: emulator-5554, appium:deviceScreenDensity: 420, appium:deviceScreenSize: 1080x2400, appium:deviceUDID: emulator-5554, appium:javascriptEnabled: true, appium:locationContextEnabled: false, appium:networkConnectionEnabled: true, appium:noReset: true, appium:pixelRatio: 2.625, appium:platformVersion: 17, appium:statBarHeight: 132, appium:takesScreenshot: true, appium:viewportRect: {height: 2268, left: 0, top: 132, width: 1080}, appium:warnings: {}, appium:webStorageEnabled: false, platformName: ANDROID}
Element: [[AndroidDriver:  on ANDROID (e90cbea5-b232-4ef3-813e-0104bbe26710)] -&amp;gt; id: apps.r.calculator:id/result]
Session ID: e90cbea5-b232-4ef3-813e-0104bbe26710">
      <![CDATA[org.openqa.selenium.StaleElementReferenceException: androidx.test.uiautomator.StaleObjectException
For documentation on this error, please visit: https://www.selenium.dev/documentation/webdriver/troubleshooting/errors#staleelementreferenceexception
Build info: version: '4.46.0', revision: 'df5a634 df5a6341cbb5f8f06b836bd595752775627c80dc'
System info: os.name: 'Windows 10', os.arch: 'amd64', os.version: '10.0', java.version: '17.0.19'
Driver info: io.appium.java_client.android.AndroidDriver
Command: [e90cbea5-b232-4ef3-813e-0104bbe26710, getElementText {id=00000000-0000-0085-ffff-ffff00000072}]
Capabilities {appium:appActivity: apps.r.calculator.Theme.Lig..., appium:appPackage: apps.r.calculator, appium:automationName: UIAutomator2, appium:databaseEnabled: false, appium:desired: {appActivity: apps.r.calculator.Theme.Lig..., appPackage: apps.r.calculator, automationName: UIAutomator2, deviceName: Pixel_10, noReset: true, platformName: ANDROID}, appium:deviceApiLevel: 37, appium:deviceManufacturer: Google, appium:deviceModel: sdk_gphone16k_x86_64, appium:deviceName: emulator-5554, appium:deviceScreenDensity: 420, appium:deviceScreenSize: 1080x2400, appium:deviceUDID: emulator-5554, appium:javascriptEnabled: true, appium:locationContextEnabled: false, appium:networkConnectionEnabled: true, appium:noReset: true, appium:pixelRatio: 2.625, appium:platformVersion: 17, appium:statBarHeight: 132, appium:takesScreenshot: true, appium:viewportRect: {height: 2268, left: 0, top: 132, width: 1080}, appium:warnings: {}, appium:webStorageEnabled: false, platformName: ANDROID}
Element: [[AndroidDriver:  on ANDROID (e90cbea5-b232-4ef3-813e-0104bbe26710)] -> id: apps.r.calculator:id/result]
Session ID: e90cbea5-b232-4ef3-813e-0104bbe26710
at org.openqa.selenium.remote.ErrorCodec.decode(ErrorCodec.java:169)
at org.openqa.selenium.remote.codec.w3c.W3CHttpResponseCodec.decode(W3CHttpResponseCodec.java:143)
at org.openqa.selenium.remote.codec.w3c.W3CHttpResponseCodec.decode(W3CHttpResponseCodec.java:50)
at org.openqa.selenium.remote.HttpCommandExecutor.execute(HttpCommandExecutor.java:196)
at io.appium.java_client.remote.AppiumCommandExecutor.execute(AppiumCommandExecutor.java:243)
at org.openqa.selenium.remote.RemoteWebDriver.execute(RemoteWebDriver.java:626)
at org.openqa.selenium.remote.RemoteWebElement.execute(RemoteWebElement.java:225)
at org.openqa.selenium.remote.RemoteWebElement.getText(RemoteWebElement.java:193)
at pages.CalculatorPage.getResult(CalculatorPage.java:75)
at tests.CalculatorTest.testAddition(CalculatorTest.java:27)
at java.base/java.util.ArrayList.forEach(ArrayList.java:1511)
... Removed 31 stack frames]]>
    </failure>
  </testcase> <!-- testAddition -->
  <testcase classname="tests.CalculatorTest" name="testDivision" time="7.502">
    <failure type="java.lang.AssertionError" message="Division failed: expected 20 / 4 to equal 5, but got  expected [5] but found []">
      <![CDATA[java.lang.AssertionError: Division failed: expected 20 / 4 to equal 5, but got  expected [5] but found []
at tests.CalculatorTest.testDivision(CalculatorTest.java:72)
at java.base/java.util.ArrayList.forEach(ArrayList.java:1511)
... Removed 36 stack frames]]>
    </failure>
  </testcase> <!-- testDivision -->
  <testcase classname="tests.CalculatorTest" name="testMultiplication" time="3.611">
    <failure type="java.lang.AssertionError" message="Multiplication failed: expected 5 x 6 to equal 30, but got  expected [30] but found []">
      <![CDATA[java.lang.AssertionError: Multiplication failed: expected 5 x 6 to equal 30, but got  expected [30] but found []
at tests.CalculatorTest.testMultiplication(CalculatorTest.java:57)
at java.base/java.util.ArrayList.forEach(ArrayList.java:1511)
... Removed 36 stack frames]]>
    </failure>
  </testcase> <!-- testMultiplication -->
  <testcase classname="tests.CalculatorTest" name="testSubtraction" time="4.274">
    <failure type="java.lang.AssertionError" message="Subtraction failed: expected 10 - 4 to equal 6, but got  expected [6] but found []">
      <![CDATA[java.lang.AssertionError: Subtraction failed: expected 10 - 4 to equal 6, but got  expected [6] but found []
at tests.CalculatorTest.testSubtraction(CalculatorTest.java:43)
at java.base/java.util.ArrayList.forEach(ArrayList.java:1511)
... Removed 36 stack frames]]>
    </failure>
  </testcase> <!-- testSubtraction -->
</testsuite> <!-- CalculatorTests -->
